<?xml version="1.0" encoding="UTF-8"?>
<!-- Generated by org.testng.reporters.JUnitReportReporter -->
<testsuite skipped="0" hostname="Hitesh" name="FireToken.firetoken_login" tests="2" failures="0" timestamp="05 Mar 2018 07:24:41 GMT" time="15.329" errors="0">
  <testcase name="Signup" time="9.228" classname="FireToken.firetoken_login"/>
  <testcase name="Signup" time="6.101" classname="FireToken.firetoken_login"/>
</testsuite> <!-- FireToken.firetoken_login -->
