<?xml version="1.0" encoding="UTF-8"?>
<!-- Generated by org.testng.reporters.JUnitReportReporter -->
<testsuite skipped="0" hostname="Saurabh" name="TrelloProject.NewUserTrelloReportView" tests="5" failures="0" timestamp="14 Nov 2017 07:24:19 GMT" time="312.279" errors="0">
  <testcase name="Login" time="98.834" classname="TrelloProject.NewUserTrelloReportView"/>
  <testcase name="InviteNewUser" time="28.111" classname="TrelloProject.NewUserTrelloReportView"/>
  <testcase name="LoginWithInvitedUser" time="34.945" classname="TrelloProject.NewUserTrelloReportView"/>
  <testcase name="NewUserAuthentication" time="83.606" classname="TrelloProject.NewUserTrelloReportView"/>
  <testcase name="ReLoginToCheckDate" time="66.783" classname="TrelloProject.NewUserTrelloReportView"/>
</testsuite> <!-- TrelloProject.NewUserTrelloReportView -->
