<?xml version="1.0" encoding="UTF-8"?>
<!-- Generated by org.testng.reporters.JUnitReportReporter -->
<testsuite skipped="0" hostname="Saurabh" name="TrelloProject.Trello_ReportTest" tests="3" failures="0" timestamp="15 Nov 2017 08:02:45 GMT" time="223.910" errors="0">
  <testcase name="Login" time="116.471" classname="TrelloProject.Trello_ReportTest"/>
  <testcase name="Authi" time="58.580" classname="TrelloProject.Trello_ReportTest"/>
  <testcase name="CheckDefaultDate" time="48.859" classname="TrelloProject.Trello_ReportTest"/>
</testsuite> <!-- TrelloProject.Trello_ReportTest -->
