<?xml version="1.0" encoding="UTF-8"?>
<!-- Generated by org.testng.reporters.JUnitReportReporter -->
<testsuite skipped="0" hostname="Saurabh" name="TrelloProject.Trello_Login" tests="3" failures="0" timestamp="15 Nov 2017 12:07:51 GMT" time="210.929" errors="0">
  <testcase name="Login" time="89.046" classname="TrelloProject.Trello_Login"/>
  <testcase name="AddNewCard" time="48.445" classname="TrelloProject.Trello_Login"/>
  <testcase name="Authi" time="73.438" classname="TrelloProject.Trello_Login"/>
</testsuite> <!-- TrelloProject.Trello_Login -->
