<?xml version="1.0" encoding="UTF-8"?>
<!-- Generated by org.testng.reporters.JUnitReportReporter -->
<testsuite skipped="0" hostname="Saurabh" name="upbeatProject.BuyProductandServices" tests="3" failures="0" timestamp="18 Aug 2017 10:05:25 GMT" time="199.930" errors="0">
  <testcase name="Login" time="35.223" classname="upbeatProject.BuyProductandServices"/>
  <testcase name="UserSearching" time="99.668" classname="upbeatProject.BuyProductandServices"/>
  <testcase name="BuyProduct" time="65.039" classname="upbeatProject.BuyProductandServices"/>
</testsuite> <!-- upbeatProject.BuyProductandServices -->
