<?xml version="1.0" encoding="UTF-8"?>
<!-- Generated by org.testng.reporters.JUnitReportReporter -->
<testsuite skipped="0" hostname="Saurabh" name="upbeatProject.AdminRecipeApproved" tests="3" failures="0" timestamp="26 Aug 2017 09:26:55 GMT" time="169.299" errors="0">
  <testcase name="RecipeApprovedAdminLogin" time="31.641" classname="upbeatProject.AdminRecipeApproved"/>
  <testcase name="RecipeApproval" time="61.589" classname="upbeatProject.AdminRecipeApproved"/>
  <testcase name="SearchingandFilteration" time="76.069" classname="upbeatProject.AdminRecipeApproved"/>
</testsuite> <!-- upbeatProject.AdminRecipeApproved -->
