<?xml version="1.0" encoding="UTF-8"?>
<!-- Generated by org.testng.reporters.JUnitReportReporter -->
<testsuite skipped="0" hostname="Saurabh" name="upbeatProject.EditEvent" tests="2" failures="0" timestamp="31 Jul 2017 10:44:55 GMT" time="170.052" errors="0">
  <testcase name="Login" time="55.423" classname="upbeatProject.EditEvent"/>
  <testcase name="EditDetails" time="114.629" classname="upbeatProject.EditEvent"/>
</testsuite> <!-- upbeatProject.EditEvent -->
