<?xml version="1.0" encoding="UTF-8"?>
<!-- Generated by org.testng.reporters.JUnitReportReporter -->
<testsuite skipped="0" hostname="Saurabh" name="upbeatProject.BuyPaidCourse" tests="2" failures="0" timestamp="23 Aug 2017 09:10:08 GMT" time="219.274" errors="0">
  <testcase name="Login" time="45.156" classname="upbeatProject.BuyPaidCourse"/>
  <testcase name="Payment" time="174.118" classname="upbeatProject.BuyPaidCourse"/>
</testsuite> <!-- upbeatProject.BuyPaidCourse -->
