<?xml version="1.0" encoding="UTF-8"?>
<!-- Generated by org.testng.reporters.JUnitReportReporter -->
<testsuite skipped="0" hostname="Saurabh" name="CaptureScreenshots.FacebookScreenshots" tests="1" failures="0" timestamp="02 Jun 2017 12:23:14 GMT" time="55.435" errors="0">
  <testcase name="captureScreenshots" time="55.435" classname="CaptureScreenshots.FacebookScreenshots"/>
</testsuite> <!-- CaptureScreenshots.FacebookScreenshots -->
