<?xml version="1.0" encoding="UTF-8"?>
<!-- Generated by org.testng.reporters.JUnitReportReporter -->
<testsuite skipped="0" hostname="Saurabh" name="upbeatProject.AddEventDetails" tests="2" failures="0" timestamp="31 Jul 2017 04:36:09 GMT" time="155.973" errors="0">
  <testcase name="Login" time="70.499" classname="upbeatProject.AddEventDetails"/>
  <testcase name="AddEvent" time="85.474" classname="upbeatProject.AddEventDetails"/>
</testsuite> <!-- upbeatProject.AddEventDetails -->
