<?xml version="1.0" encoding="UTF-8"?>
<!-- Generated by org.testng.reporters.JUnitReportReporter -->
<testsuite skipped="0" hostname="Saurabh" name="upbeatProject.AddProductandServices" tests="3" failures="0" timestamp="18 Aug 2017 09:55:42 GMT" time="196.393" errors="0">
  <testcase name="Login" time="39.119" classname="upbeatProject.AddProductandServices"/>
  <testcase name="Productupload" time="135.473" classname="upbeatProject.AddProductandServices"/>
  <testcase name="EditProductServices" time="21.801" classname="upbeatProject.AddProductandServices"/>
</testsuite> <!-- upbeatProject.AddProductandServices -->
