<?xml version="1.0" encoding="UTF-8"?>
<!-- Generated by org.testng.reporters.JUnitReportReporter -->
<testsuite skipped="0" hostname="Saurabh" name="upbeatProject.EditGroup" tests="2" failures="0" timestamp="02 Aug 2017 07:58:42 GMT" time="191.659" errors="0">
  <testcase name="Login" time="39.021" classname="upbeatProject.EditGroup"/>
  <testcase name="Edit" time="152.638" classname="upbeatProject.EditGroup"/>
</testsuite> <!-- upbeatProject.EditGroup -->
