<?xml version="1.0" encoding="UTF-8"?>
<!-- Generated by org.testng.reporters.JUnitReportReporter -->
<testsuite skipped="0" hostname="Saurabh" name="upbeatProject.SignUpByFacebook" tests="2" failures="0" timestamp="03 Aug 2017 06:16:45 GMT" time="79.611" errors="0">
  <testcase name="SignupByFacebook" time="70.968" classname="upbeatProject.SignUpByFacebook"/>
  <testcase name="loginwithfacebook" time="8.643" classname="upbeatProject.SignUpByFacebook"/>
</testsuite> <!-- upbeatProject.SignUpByFacebook -->
