<?xml version="1.0" encoding="UTF-8"?>
<!-- Generated by org.testng.reporters.JUnitReportReporter -->
<testsuite skipped="0" hostname="Saurabh" name="upbeatProject.EditRecipe" tests="2" failures="0" timestamp="26 Aug 2017 10:06:20 GMT" time="209.010" errors="0">
  <testcase name="Login" time="31.855" classname="upbeatProject.EditRecipe"/>
  <testcase name="EditDetailsRecipe" time="177.155" classname="upbeatProject.EditRecipe"/>
</testsuite> <!-- upbeatProject.EditRecipe -->
