<?xml version="1.0" encoding="UTF-8"?>
<!-- Generated by org.testng.reporters.JUnitReportReporter -->
<testsuite skipped="0" hostname="Saurabh" name="upbeatProject.AddRecipeToShoplistSelectSubsitute" tests="2" failures="0" timestamp="28 Aug 2017 10:21:32 GMT" time="304.827" errors="0">
  <testcase name="Login" time="50.203" classname="upbeatProject.AddRecipeToShoplistSelectSubsitute"/>
  <testcase name="AddtoShoppinglist" time="254.624" classname="upbeatProject.AddRecipeToShoplistSelectSubsitute"/>
</testsuite> <!-- upbeatProject.AddRecipeToShoplistSelectSubsitute -->
