<?xml version="1.0" encoding="UTF-8"?>
<!-- Generated by org.testng.reporters.JUnitReportReporter -->
<testsuite skipped="0" hostname="Saurabh" name="TrelloProject.ReportTestNewUser" tests="4" failures="0" timestamp="17 Nov 2017 07:02:56 GMT" time="318.371" errors="0">
  <testcase name="LoginWithInvitedUser" time="66.094" classname="TrelloProject.ReportTestNewUser"/>
  <testcase name="CreateNewCardList" time="67.990" classname="TrelloProject.ReportTestNewUser"/>
  <testcase name="NewUserAuthentication" time="116.391" classname="TrelloProject.ReportTestNewUser"/>
  <testcase name="ReLoginToCheckDate" time="67.896" classname="TrelloProject.ReportTestNewUser"/>
</testsuite> <!-- TrelloProject.ReportTestNewUser -->
