<?xml version="1.0" encoding="UTF-8"?>
<!-- Generated by org.testng.reporters.JUnitReportReporter -->
<testsuite skipped="0" hostname="Saurabh" name="com.Upbeet.Testcases.UpbeetLogin" tests="1" failures="0" timestamp="25 May 2017 04:16:18 GMT" time="36.831" errors="0">
  <testcase name="verifyloginupbeet" time="36.831" classname="com.Upbeet.Testcases.UpbeetLogin"/>
</testsuite> <!-- com.Upbeet.Testcases.UpbeetLogin -->
